2. Doing the alteration in L#L tables
SIZE:1321  STEP:55
This is the father
I am the kid
In the thread | StartIndex=0 | EndIndex=54 
 
Tue Nov 29 12:03:15 2011
START: L0L
This is the father
I am the kid
In the thread | StartIndex=55 | EndIndex=109 
 
Tue Nov 29 12:03:15 2011
START: L55L
This is the father
I am the kid
In the thread | StartIndex=110 | EndIndex=164 
 
Tue Nov 29 12:03:15 2011
START: L110L
This is the father
I am the kid
In the thread | StartIndex=165 | EndIndex=219 
 
Tue Nov 29 12:03:15 2011
START: L165L
This is the father
I am the kid
In the thread | StartIndex=220 | EndIndex=274 
 
Tue Nov 29 12:03:15 2011
START: L220L
This is the father
I am the kid
In the thread | StartIndex=275 | EndIndex=329 
 
Tue Nov 29 12:03:15 2011
START: L275L
This is the father
I am the kid
In the thread | StartIndex=330 | EndIndex=384 
 
Tue Nov 29 12:03:15 2011
START: L330L
This is the father
I am the kid
In the thread | StartIndex=385 | EndIndex=439 
 
Tue Nov 29 12:03:15 2011
START: L385L
This is the father
I am the kid
In the thread | StartIndex=440 | EndIndex=494 
 
Tue Nov 29 12:03:15 2011
START: L440L
This is the father
I am the kid
In the thread | StartIndex=495 | EndIndex=549 
 
Tue Nov 29 12:03:15 2011
START: L495L
This is the father
I am the kid
In the thread | StartIndex=550 | EndIndex=604 
 
Tue Nov 29 12:03:15 2011
START: L550L
This is the father
I am the kid
In the thread | StartIndex=605 | EndIndex=659 
 
Tue Nov 29 12:03:15 2011
START: L605L
This is the father
I am the kid
In the thread | StartIndex=660 | EndIndex=714 
 
Tue Nov 29 12:03:15 2011
START: L660L
This is the father
I am the kid
In the thread | StartIndex=715 | EndIndex=769 
 
Tue Nov 29 12:03:15 2011
START: L715L
This is the father
Nov 29 12:03:15  info	There was an SQL error  (ALTER TABLE L0L ADD (ownerId MEDIUMINT UNSIGNED, gownerId MEDIUMINT UNSIGNED), 
      ADD FOREIGN KEY (ownerId) REFERENCES USERS(uId),ADD FOREIGN KEY (gownerId) REFERENCES GRPS(gId)): In do: Duplicate column name 'ownerId'
I am the kid
In the thread | StartIndex=770 | EndIndex=824 
 
Tue Nov 29 12:03:15 2011
START: L770L
This is the father
I am the kid
In the thread | StartIndex=825 | EndIndex=879 
 
Tue Nov 29 12:03:15 2011
START: L825L
I am the kid
In the thread | StartIndex=880 | EndIndex=934 
 
Tue Nov 29 12:03:15 2011
START: L880L
This is the father
I am the kid
In the thread | StartIndex=935 | EndIndex=989 
 
Tue Nov 29 12:03:15 2011
START: L935L
This is the father
I am the kid
In the thread | StartIndex=990 | EndIndex=1044 
 
Tue Nov 29 12:03:15 2011
START: L990L
This is the father
I am the kid
In the thread | StartIndex=1045 | EndIndex=1099 
 
Tue Nov 29 12:03:15 2011
START: L1045L
This is the father
I am the kid
In the thread | StartIndex=1100 | EndIndex=1154 
 
Tue Nov 29 12:03:15 2011
START: L1100L
This is the father
I am the kid
In the thread | StartIndex=1155 | EndIndex=1209 
 
Tue Nov 29 12:03:15 2011
START: L1155L
This is the father
I am the kid
In the thread | StartIndex=1210 | EndIndex=1264 
 
Tue Nov 29 12:03:15 2011
START: L1210L
I am the kid
In the thread | StartIndex=1265 | EndIndex=1319 
 
Tue Nov 29 12:03:15 2011
START: L1265L
This is the father
Here, the father should wait until the kids finish
I am the kid
In the thread | StartIndex=1320 | EndIndex=1321 
 
Tue Nov 29 12:03:15 2011
START: L1320L
END: L275L

Tue Nov 29 12:03:15 2011
START: L276L
END: L605L

Tue Nov 29 12:03:15 2011
START: L606L
END: L770L

Tue Nov 29 12:03:15 2011
START: L771L
END: L110L

Tue Nov 29 12:03:15 2011
START: L111L
END: L55L

Tue Nov 29 12:03:15 2011
START: L56L
END: L385L

Tue Nov 29 12:03:15 2011
START: L386L
END: L0L

Tue Nov 29 12:03:15 2011
START: L1L
END: L1100L

Tue Nov 29 12:03:15 2011
START: L1101L
END: L935L

Tue Nov 29 12:03:15 2011
START: L936L
END: L715L

Tue Nov 29 12:03:15 2011
START: L716L
END: L220L

Tue Nov 29 12:03:15 2011
START: L221L
END: L330L

Tue Nov 29 12:03:15 2011
START: L331L
END: L165L

Tue Nov 29 12:03:15 2011
START: L166L
END: L495L

Tue Nov 29 12:03:15 2011
START: L496L
END: L440L

Tue Nov 29 12:03:15 2011
START: L441L
END: L660L

Tue Nov 29 12:03:16 2011
START: L661L
END: L111L

Tue Nov 29 12:03:16 2011
START: L112L
END: L771L

Tue Nov 29 12:03:16 2011
START: L772L
END: L936L

Tue Nov 29 12:03:16 2011
START: L937L
END: L716L

Tue Nov 29 12:03:16 2011
START: L717L
END: L1101L

Tue Nov 29 12:03:16 2011
START: L1102L
END: L386L

Tue Nov 29 12:03:16 2011
START: L387L
END: L496L

Tue Nov 29 12:03:16 2011
START: L497L
END: L717L

Tue Nov 29 12:03:16 2011
START: L718L
END: L1102L

Tue Nov 29 12:03:16 2011
START: L1103L
END: L387L

Tue Nov 29 12:03:16 2011
START: L388L
END: L937L

Tue Nov 29 12:03:16 2011
START: L938L
END: L497L

Tue Nov 29 12:03:16 2011
START: L498L
END: L661L

Tue Nov 29 12:03:16 2011
START: L662L
END: L331L

Tue Nov 29 12:03:16 2011
START: L332L
END: L332L

Tue Nov 29 12:03:16 2011
START: L333L
END: L333L

Tue Nov 29 12:03:16 2011
START: L334L
END: L334L

Tue Nov 29 12:03:16 2011
START: L335L
END: L772L

Tue Nov 29 12:03:16 2011
START: L773L
END: L773L

Tue Nov 29 12:03:16 2011
START: L774L
END: L825L

Tue Nov 29 12:03:16 2011
START: L826L
END: L826L

Tue Nov 29 12:03:16 2011
START: L827L
END: L550L

Tue Nov 29 12:03:16 2011
START: L551L
END: L551L

Tue Nov 29 12:03:16 2011
START: L552L
END: L56L

Tue Nov 29 12:03:16 2011
START: L57L
END: L57L

Tue Nov 29 12:03:16 2011
START: L58L
END: L58L

Tue Nov 29 12:03:16 2011
START: L59L
END: L1103L

Tue Nov 29 12:03:17 2011
START: L1104L
END: L1104L

Tue Nov 29 12:03:17 2011
START: L1105L
END: L1105L

Tue Nov 29 12:03:17 2011
START: L1106L
END: L276L

Tue Nov 29 12:03:19 2011
START: L277L
END: L827L

Tue Nov 29 12:03:21 2011
START: L828L
END: L938L

Tue Nov 29 12:03:21 2011
START: L939L
END: L939L

Tue Nov 29 12:03:21 2011
START: L940L
END: L940L

Tue Nov 29 12:03:21 2011
START: L941L
END: L335L

Tue Nov 29 12:03:22 2011
START: L336L
END: L498L

Tue Nov 29 12:03:25 2011
START: L499L
END: L277L

Tue Nov 29 12:03:30 2011
START: L278L
END: L278L

Tue Nov 29 12:03:32 2011
START: L279L
END: L279L

Tue Nov 29 12:03:32 2011
START: L280L
END: L59L

Tue Nov 29 12:03:33 2011
START: L60L
END: L60L

Tue Nov 29 12:03:33 2011
START: L61L
END: L61L

Tue Nov 29 12:03:33 2011
START: L62L
END: L62L

Tue Nov 29 12:03:33 2011
START: L63L
END: L63L

Tue Nov 29 12:03:33 2011
START: L64L
END: L64L

Tue Nov 29 12:03:33 2011
START: L65L
END: L65L

Tue Nov 29 12:03:33 2011
START: L66L
END: L66L

Tue Nov 29 12:03:33 2011
START: L67L
END: L67L

Tue Nov 29 12:03:33 2011
START: L68L
END: L68L

Tue Nov 29 12:03:33 2011
START: L69L
END: L69L

Tue Nov 29 12:03:34 2011
START: L70L
END: L70L

Tue Nov 29 12:03:34 2011
START: L71L
END: L336L

Tue Nov 29 12:03:34 2011
START: L337L
END: L337L

Tue Nov 29 12:03:34 2011
START: L338L
END: L1045L

Tue Nov 29 12:03:36 2011
START: L1046L
END: L1046L

Tue Nov 29 12:03:36 2011
START: L1047L
END: L1047L

Tue Nov 29 12:03:36 2011
START: L1048L
END: L1048L

Tue Nov 29 12:03:37 2011
START: L1049L
END: L1049L

Tue Nov 29 12:03:37 2011
START: L1050L
END: L1050L

Tue Nov 29 12:03:37 2011
START: L1051L
END: L1051L

Tue Nov 29 12:03:37 2011
START: L1052L
END: L441L

Tue Nov 29 12:03:38 2011
START: L442L
END: L552L

Tue Nov 29 12:03:40 2011
START: L553L
END: L553L

Tue Nov 29 12:03:40 2011
START: L554L
END: L71L

Tue Nov 29 12:03:41 2011
START: L72L
END: L72L

Tue Nov 29 12:03:41 2011
START: L73L
END: L73L

Tue Nov 29 12:03:41 2011
START: L74L
END: L74L

Tue Nov 29 12:03:41 2011
START: L75L
END: L75L

Tue Nov 29 12:03:41 2011
START: L76L
END: L76L

Tue Nov 29 12:03:46 2011
START: L77L
END: L77L

Tue Nov 29 12:03:46 2011
START: L78L
END: L774L

Tue Nov 29 12:03:48 2011
START: L775L
END: L775L

Tue Nov 29 12:03:48 2011
START: L776L
END: L280L

Tue Nov 29 12:03:52 2011
START: L281L
END: L281L

Tue Nov 29 12:03:52 2011
START: L282L
END: L282L

Tue Nov 29 12:03:52 2011
START: L283L
END: L283L

Tue Nov 29 12:03:52 2011
START: L284L
END: L284L

Tue Nov 29 12:03:52 2011
START: L285L
END: L285L

Tue Nov 29 12:03:53 2011
START: L286L
END: L286L

Tue Nov 29 12:03:53 2011
START: L287L
END: L287L

Tue Nov 29 12:03:53 2011
START: L288L
END: L288L

Tue Nov 29 12:03:53 2011
START: L289L
END: L289L

Tue Nov 29 12:03:58 2011
START: L290L
END: L338L

Tue Nov 29 12:04:18 2011
START: L339L
END: L1052L

Tue Nov 29 12:04:20 2011
START: L1053L
END: L1053L

Tue Nov 29 12:04:20 2011
START: L1054L
END: L554L

Tue Nov 29 12:04:29 2011
START: L555L
END: L880L

Tue Nov 29 12:04:29 2011
START: L881L
END: L881L

Tue Nov 29 12:04:31 2011
START: L882L
END: L1155L

Tue Nov 29 12:04:31 2011
START: L1156L
END: L882L

Tue Nov 29 12:04:34 2011
START: L883L
END: L166L

Tue Nov 29 12:04:34 2011
START: L167L
END: L167L

Tue Nov 29 12:04:35 2011
START: L168L
END: L883L

Tue Nov 29 12:04:35 2011
START: L884L
END: L884L

Tue Nov 29 12:04:35 2011
START: L885L
END: L885L

Tue Nov 29 12:04:35 2011
START: L886L
END: L886L

Tue Nov 29 12:04:36 2011
START: L887L
END: L887L

Tue Nov 29 12:04:36 2011
START: L888L
END: L888L

Tue Nov 29 12:04:36 2011
START: L889L
END: L889L

Tue Nov 29 12:04:36 2011
START: L890L
END: L890L

Tue Nov 29 12:04:36 2011
START: L891L
END: L891L

Tue Nov 29 12:04:36 2011
START: L892L
END: L1054L

Tue Nov 29 12:04:40 2011
START: L1055L
END: L1055L

Tue Nov 29 12:04:41 2011
START: L1056L
END: L1056L

Tue Nov 29 12:04:41 2011
START: L1057L
END: L1265L

Tue Nov 29 12:04:44 2011
START: L1266L
END: L776L

Tue Nov 29 12:04:45 2011
START: L777L
END: L1210L

Tue Nov 29 12:04:47 2011
START: L1211L
END: L1057L

Tue Nov 29 12:04:47 2011
START: L1058L
END: L1058L

Tue Nov 29 12:04:47 2011
START: L1059L
END: L1059L

Tue Nov 29 12:04:47 2011
START: L1060L
END: L1060L

Tue Nov 29 12:04:47 2011
START: L1061L
END: L1061L

Tue Nov 29 12:04:47 2011
START: L1062L
END: L1062L

Tue Nov 29 12:04:47 2011
START: L1063L
END: L1063L

Tue Nov 29 12:04:48 2011
START: L1064L
END: L1064L

Tue Nov 29 12:04:48 2011
START: L1065L
END: L892L

Tue Nov 29 12:04:48 2011
START: L893L
END: L1L

Tue Nov 29 12:04:52 2011
START: L2L
END: L1065L

Tue Nov 29 12:05:02 2011
START: L1066L
END: L1066L

Tue Nov 29 12:05:02 2011
START: L1067L
END: L1067L

Tue Nov 29 12:05:02 2011
START: L1068L
END: L1068L

Tue Nov 29 12:05:02 2011
START: L1069L
END: L442L

Tue Nov 29 12:05:05 2011
START: L443L
END: L777L

Tue Nov 29 12:05:14 2011
START: L778L
END: L443L

Tue Nov 29 12:05:15 2011
START: L444L
END: L444L

Tue Nov 29 12:05:16 2011
START: L445L
END: L445L

Tue Nov 29 12:05:16 2011
START: L446L
END: L446L

Tue Nov 29 12:05:16 2011
START: L447L
END: L447L

Tue Nov 29 12:05:16 2011
START: L448L
END: L448L

Tue Nov 29 12:05:16 2011
START: L449L
END: L449L

Tue Nov 29 12:05:17 2011
START: L450L
END: L778L

Tue Nov 29 12:05:20 2011
START: L779L
END: L779L

Tue Nov 29 12:05:22 2011
START: L780L
END: L780L

Tue Nov 29 12:05:23 2011
START: L781L
END: L781L

Tue Nov 29 12:05:26 2011
START: L782L
END: L2L

Tue Nov 29 12:05:26 2011
START: L3L
END: L3L

Tue Nov 29 12:05:27 2011
START: L4L
END: L4L

Tue Nov 29 12:05:27 2011
START: L5L
END: L5L

Tue Nov 29 12:05:27 2011
START: L6L
END: L6L

Tue Nov 29 12:05:27 2011
START: L7L
END: L7L

Tue Nov 29 12:05:27 2011
START: L8L
END: L8L

Tue Nov 29 12:05:34 2011
START: L9L
END: L9L

Tue Nov 29 12:05:34 2011
START: L10L
END: L10L

Tue Nov 29 12:05:34 2011
START: L11L
END: L11L

Tue Nov 29 12:05:34 2011
START: L12L
END: L12L

Tue Nov 29 12:05:37 2011
START: L13L
END: L13L

Tue Nov 29 12:05:37 2011
START: L14L
END: L14L

Tue Nov 29 12:05:37 2011
START: L15L
END: L15L

Tue Nov 29 12:05:37 2011
START: L16L
END: L16L

Tue Nov 29 12:05:37 2011
START: L17L
END: L17L

Tue Nov 29 12:05:37 2011
START: L18L
END: L18L

Tue Nov 29 12:05:37 2011
START: L19L
END: L19L

Tue Nov 29 12:05:37 2011
START: L20L
END: L20L

Tue Nov 29 12:05:37 2011
START: L21L
END: L21L

Tue Nov 29 12:05:37 2011
START: L22L
END: L22L

Tue Nov 29 12:05:37 2011
START: L23L
END: L23L

Tue Nov 29 12:05:37 2011
START: L24L
END: L24L

Tue Nov 29 12:05:37 2011
START: L25L
END: L25L

Tue Nov 29 12:05:37 2011
START: L26L
END: L26L

Tue Nov 29 12:05:37 2011
START: L27L
END: L450L

Tue Nov 29 12:05:45 2011
START: L451L
END: L451L

Tue Nov 29 12:05:45 2011
START: L452L
END: L388L

Tue Nov 29 12:05:59 2011
START: L389L
END: L1156L

Tue Nov 29 12:06:09 2011
START: L1157L
END: L606L

Tue Nov 29 12:06:10 2011
START: L607L
END: L607L

Tue Nov 29 12:06:10 2011
START: L608L
END: L1266L

Tue Nov 29 12:06:11 2011
START: L1267L
END: L1211L

Tue Nov 29 12:06:16 2011
START: L1212L
END: L941L

Tue Nov 29 12:06:16 2011
START: L942L
END: L942L

Tue Nov 29 12:06:16 2011
START: L943L
END: L943L

Tue Nov 29 12:06:24 2011
START: L944L
END: L221L

Tue Nov 29 12:06:25 2011
START: L222L
END: L389L

Tue Nov 29 12:06:32 2011
START: L390L
END: L390L

Tue Nov 29 12:06:32 2011
START: L391L
END: L391L

Tue Nov 29 12:06:32 2011
START: L392L
END: L392L

Tue Nov 29 12:06:32 2011
START: L393L
END: L718L

Tue Nov 29 12:06:34 2011
START: L719L
END: L719L

Tue Nov 29 12:06:34 2011
START: L720L
END: L720L

Tue Nov 29 12:06:37 2011
START: L721L
END: L721L

Tue Nov 29 12:06:37 2011
START: L722L
END: L722L

Tue Nov 29 12:06:37 2011
START: L723L
END: L723L

Tue Nov 29 12:06:37 2011
START: L724L
END: L724L

Tue Nov 29 12:06:37 2011
START: L725L
END: L725L

Tue Nov 29 12:06:37 2011
START: L726L
END: L726L

Tue Nov 29 12:06:38 2011
START: L727L
END: L727L

Tue Nov 29 12:06:38 2011
START: L728L
END: L393L

Tue Nov 29 12:06:39 2011
START: L394L
END: L394L

Tue Nov 29 12:06:40 2011
START: L395L
END: L395L

Tue Nov 29 12:06:40 2011
START: L396L
END: L396L

Tue Nov 29 12:06:46 2011
START: L397L
END: L728L

Tue Nov 29 12:06:49 2011
START: L729L
END: L729L

Tue Nov 29 12:06:57 2011
START: L730L
END: L730L

Tue Nov 29 12:06:57 2011
START: L731L
END: L731L

Tue Nov 29 12:06:57 2011
START: L732L
END: L732L

Tue Nov 29 12:06:57 2011
START: L733L
END: L733L

Tue Nov 29 12:06:57 2011
START: L734L
END: L222L

Tue Nov 29 12:06:59 2011
START: L223L
END: L223L

Tue Nov 29 12:06:59 2011
START: L224L
END: L1267L

Tue Nov 29 12:07:36 2011
START: L1268L
END: L1212L

Tue Nov 29 12:07:44 2011
START: L1213L
END: L1157L

Tue Nov 29 12:07:47 2011
START: L1158L
END: L1069L

Tue Nov 29 12:08:08 2011
START: L1070L
END: L1070L

Tue Nov 29 12:08:09 2011
START: L1071L
END: L1071L

Tue Nov 29 12:08:09 2011
START: L1072L
END: L1072L

Tue Nov 29 12:08:09 2011
START: L1073L
END: L452L

Tue Nov 29 12:08:10 2011
START: L453L
END: L453L

Tue Nov 29 12:08:10 2011
START: L454L
END: L397L

Tue Nov 29 12:08:15 2011
START: L398L
END: L398L

Tue Nov 29 12:08:15 2011
START: L399L
END: L399L

Tue Nov 29 12:08:15 2011
START: L400L
END: L400L

Tue Nov 29 12:08:15 2011
START: L401L
END: L401L

Tue Nov 29 12:08:16 2011
START: L402L
END: L168L

Tue Nov 29 12:08:16 2011
START: L169L
END: L1073L

Tue Nov 29 12:08:22 2011
START: L1074L
END: L1074L

Tue Nov 29 12:08:22 2011
START: L1075L
END: L1075L

Tue Nov 29 12:08:22 2011
START: L1076L
END: L78L

Tue Nov 29 12:08:42 2011
START: L79L
END: L662L

Tue Nov 29 12:08:51 2011
START: L663L
END: L663L

Tue Nov 29 12:08:51 2011
START: L664L
END: L664L

Tue Nov 29 12:08:51 2011
START: L665L
END: L665L

Tue Nov 29 12:08:52 2011
START: L666L
END: L666L

Tue Nov 29 12:08:52 2011
START: L667L
END: L667L

Tue Nov 29 12:08:52 2011
START: L668L
END: L782L

Tue Nov 29 12:08:55 2011
START: L783L
END: L893L

Tue Nov 29 12:08:56 2011
START: L894L
END: L894L

Tue Nov 29 12:08:57 2011
START: L895L
END: L895L

Tue Nov 29 12:08:57 2011
START: L896L
END: L896L

Tue Nov 29 12:08:57 2011
START: L897L
END: L668L

Tue Nov 29 12:08:59 2011
START: L669L
END: L944L

Tue Nov 29 12:09:00 2011
START: L945L
END: L1268L

Tue Nov 29 12:09:04 2011
START: L1269L
END: L1213L

Tue Nov 29 12:09:15 2011
START: L1214L
END: L897L

Tue Nov 29 12:09:16 2011
START: L898L
END: L669L

Tue Nov 29 12:09:18 2011
START: L670L
END: L1158L

Tue Nov 29 12:09:24 2011
START: L1159L
END: L499L

Tue Nov 29 12:09:32 2011
START: L500L
END: L500L

Tue Nov 29 12:09:32 2011
START: L501L
END: L670L

Tue Nov 29 12:09:32 2011
START: L671L
END: L501L

Tue Nov 29 12:09:32 2011
START: L502L
END: L502L

Tue Nov 29 12:09:34 2011
START: L503L
END: L783L

Tue Nov 29 12:09:36 2011
START: L784L
END: L784L

Tue Nov 29 12:09:36 2011
START: L785L
END: L785L

Tue Nov 29 12:09:36 2011
START: L786L
END: L786L

Tue Nov 29 12:09:36 2011
START: L787L
END: L828L

Tue Nov 29 12:09:42 2011
START: L829L
END: L1076L

Tue Nov 29 12:09:58 2011
START: L1077L
END: L1077L

Tue Nov 29 12:09:58 2011
START: L1078L
END: L1078L

Tue Nov 29 12:09:58 2011
START: L1079L
END: L1079L

Tue Nov 29 12:09:58 2011
START: L1080L
END: L829L

Tue Nov 29 12:09:58 2011
START: L830L
END: L830L

Tue Nov 29 12:09:58 2011
START: L831L
END: L1080L

Tue Nov 29 12:10:01 2011
START: L1081L
END: L1081L

Tue Nov 29 12:10:01 2011
START: L1082L
END: L1082L

Tue Nov 29 12:10:01 2011
START: L1083L
END: L1083L

Tue Nov 29 12:10:01 2011
START: L1084L
END: L1084L

Tue Nov 29 12:10:02 2011
START: L1085L
END: L1085L

Tue Nov 29 12:10:02 2011
START: L1086L
END: L1086L

Tue Nov 29 12:10:02 2011
START: L1087L
END: L1087L

Tue Nov 29 12:10:02 2011
START: L1088L
END: L1088L

Tue Nov 29 12:10:02 2011
START: L1089L
END: L1089L

Tue Nov 29 12:10:02 2011
START: L1090L
END: L1090L

Tue Nov 29 12:10:02 2011
START: L1091L
END: L1091L

Tue Nov 29 12:10:02 2011
START: L1092L
END: L1092L

Tue Nov 29 12:10:02 2011
START: L1093L
END: L1093L

Tue Nov 29 12:10:02 2011
START: L1094L
END: L1094L

Tue Nov 29 12:10:02 2011
START: L1095L
END: L1095L

Tue Nov 29 12:10:02 2011
START: L1096L
END: L1096L

Tue Nov 29 12:10:02 2011
START: L1097L
END: L787L

Tue Nov 29 12:10:02 2011
START: L788L
END: L1097L

Tue Nov 29 12:10:03 2011
START: L1098L
END: L1098L

Tue Nov 29 12:10:03 2011
START: L1099L
END: L1099L
END: L671L

Tue Nov 29 12:10:19 2011
START: L672L
END: L79L

Tue Nov 29 12:10:22 2011
START: L80L
END: L80L

Tue Nov 29 12:10:22 2011
START: L81L
END: L81L

Tue Nov 29 12:10:22 2011
START: L82L
END: L82L

Tue Nov 29 12:10:22 2011
START: L83L
END: L83L

Tue Nov 29 12:10:22 2011
START: L84L
END: L1269L

Tue Nov 29 12:10:29 2011
START: L1270L
END: L84L

Tue Nov 29 12:10:30 2011
START: L85L
END: L85L

Tue Nov 29 12:10:36 2011
START: L86L
END: L831L

Tue Nov 29 12:10:39 2011
START: L832L
END: L832L

Tue Nov 29 12:10:41 2011
START: L833L
END: L833L

Tue Nov 29 12:10:41 2011
START: L834L
END: L1214L

Tue Nov 29 12:10:42 2011
START: L1215L
END: L834L

Tue Nov 29 12:10:44 2011
START: L835L
END: L672L

Tue Nov 29 12:10:48 2011
START: L673L
END: L1159L

Tue Nov 29 12:10:58 2011
START: L1160L
END: L503L

Tue Nov 29 12:11:25 2011
START: L504L
END: L673L

Tue Nov 29 12:11:48 2011
START: L674L
END: L674L

Tue Nov 29 12:11:48 2011
START: L675L
END: L675L

Tue Nov 29 12:11:48 2011
START: L676L
END: L676L

Tue Nov 29 12:11:48 2011
START: L677L
END: L677L

Tue Nov 29 12:11:48 2011
START: L678L
END: L1270L

Tue Nov 29 12:11:50 2011
START: L1271L
END: L290L

Tue Nov 29 12:12:02 2011
START: L291L
END: L291L

Tue Nov 29 12:12:02 2011
START: L292L
END: L1215L

Tue Nov 29 12:12:05 2011
START: L1216L
END: L898L

Tue Nov 29 12:12:07 2011
START: L899L
END: L899L

Tue Nov 29 12:12:07 2011
START: L900L
END: L900L

Tue Nov 29 12:12:07 2011
START: L901L
END: L901L

Tue Nov 29 12:12:07 2011
START: L902L
END: L902L

Tue Nov 29 12:12:07 2011
START: L903L
END: L903L

Tue Nov 29 12:12:07 2011
START: L904L
END: L904L

Tue Nov 29 12:12:07 2011
START: L905L
END: L905L

Tue Nov 29 12:12:08 2011
START: L906L
END: L906L

Tue Nov 29 12:12:12 2011
START: L907L
END: L907L

Tue Nov 29 12:12:12 2011
START: L908L
END: L908L

Tue Nov 29 12:12:12 2011
START: L909L
END: L909L

Tue Nov 29 12:12:13 2011
START: L910L
END: L678L

Tue Nov 29 12:12:17 2011
START: L679L
END: L339L

Tue Nov 29 12:12:24 2011
START: L340L
END: L1160L

Tue Nov 29 12:12:28 2011
START: L1161L
END: L1271L

Tue Nov 29 12:13:12 2011
START: L1272L
END: L835L

Tue Nov 29 12:13:14 2011
START: L836L
END: L454L

Tue Nov 29 12:13:18 2011
START: L455L
END: L455L

Tue Nov 29 12:13:18 2011
START: L456L
END: L456L

Tue Nov 29 12:13:19 2011
START: L457L
END: L457L

Tue Nov 29 12:13:19 2011
START: L458L
END: L458L

Tue Nov 29 12:13:19 2011
START: L459L
END: L1216L

Tue Nov 29 12:13:30 2011
START: L1217L
END: L292L

Tue Nov 29 12:13:32 2011
START: L293L
END: L293L

Tue Nov 29 12:13:33 2011
START: L294L
END: L294L

Tue Nov 29 12:13:33 2011
START: L295L
END: L295L

Tue Nov 29 12:13:33 2011
START: L296L
END: L296L

Tue Nov 29 12:13:33 2011
START: L297L
END: L297L

Tue Nov 29 12:13:33 2011
START: L298L
END: L298L

Tue Nov 29 12:13:35 2011
START: L299L
END: L299L

Tue Nov 29 12:13:35 2011
START: L300L
END: L504L

Tue Nov 29 12:13:35 2011
START: L505L
END: L505L

Tue Nov 29 12:13:35 2011
START: L506L
END: L112L

Tue Nov 29 12:13:37 2011
START: L113L
END: L836L

Tue Nov 29 12:13:54 2011
START: L837L
END: L1161L

Tue Nov 29 12:14:00 2011
START: L1162L
END: L86L

Tue Nov 29 12:14:09 2011
START: L87L
END: L224L

Tue Nov 29 12:14:09 2011
START: L225L
END: L506L

Tue Nov 29 12:14:12 2011
START: L507L
END: L507L

Tue Nov 29 12:14:12 2011
START: L508L
END: L508L

Tue Nov 29 12:14:12 2011
START: L509L
END: L300L

Tue Nov 29 12:14:14 2011
START: L301L
END: L225L

Tue Nov 29 12:14:31 2011
START: L226L
END: L226L

Tue Nov 29 12:14:32 2011
START: L227L
END: L227L

Tue Nov 29 12:14:32 2011
START: L228L
END: L1272L

Tue Nov 29 12:14:33 2011
START: L1273L
END: L228L

Tue Nov 29 12:14:36 2011
START: L229L
END: L837L

Tue Nov 29 12:14:51 2011
START: L838L
END: L1217L

Tue Nov 29 12:14:52 2011
START: L1218L
END: L87L

Tue Nov 29 12:14:54 2011
START: L88L
Changing the collation of table L88L
END: L88L

Tue Nov 29 12:14:54 2011
START: L89L
Changing the collation of table L89L
END: L301L

Tue Nov 29 12:15:09 2011
START: L302L
END: L302L

Tue Nov 29 12:15:09 2011
START: L303L
END: L459L

Tue Nov 29 12:15:10 2011
START: L460L
END: L460L

Tue Nov 29 12:15:11 2011
START: L461L
END: L461L

Tue Nov 29 12:15:11 2011
START: L462L
END: L462L

Tue Nov 29 12:15:11 2011
START: L463L
END: L303L

Tue Nov 29 12:15:13 2011
START: L304L
END: L89L

Tue Nov 29 12:15:24 2011
START: L90L
Changing the collation of table L90L
END: L90L

Tue Nov 29 12:15:24 2011
START: L91L
Changing the collation of table L91L
END: L91L

Tue Nov 29 12:15:24 2011
START: L92L
END: L1162L

Tue Nov 29 12:15:30 2011
START: L1163L
Changing the collation of table L92L
END: L27L

Tue Nov 29 12:15:39 2011
START: L28L
END: L28L

Tue Nov 29 12:15:39 2011
START: L29L
END: L29L

Tue Nov 29 12:15:39 2011
START: L30L
END: L30L

Tue Nov 29 12:15:39 2011
START: L31L
END: L31L

Tue Nov 29 12:15:39 2011
START: L32L
END: L32L

Tue Nov 29 12:15:39 2011
START: L33L
END: L33L

Tue Nov 29 12:15:39 2011
START: L34L
END: L34L

Tue Nov 29 12:15:41 2011
START: L35L
END: L35L

Tue Nov 29 12:15:41 2011
START: L36L
END: L36L

Tue Nov 29 12:15:41 2011
START: L37L
END: L37L

Tue Nov 29 12:15:41 2011
START: L38L
END: L38L

Tue Nov 29 12:15:41 2011
START: L39L
END: L1273L

Tue Nov 29 12:15:52 2011
START: L1274L
END: L39L

Tue Nov 29 12:16:12 2011
START: L40L
END: L40L

Tue Nov 29 12:16:12 2011
START: L41L
END: L41L

Tue Nov 29 12:16:12 2011
START: L42L
END: L42L

Tue Nov 29 12:16:12 2011
START: L43L
END: L43L

Tue Nov 29 12:16:12 2011
START: L44L
END: L44L

Tue Nov 29 12:16:12 2011
START: L45L
END: L45L

Tue Nov 29 12:16:12 2011
START: L46L
END: L46L

Tue Nov 29 12:16:12 2011
START: L47L
END: L47L

Tue Nov 29 12:16:12 2011
START: L48L
END: L1218L

Tue Nov 29 12:16:12 2011
START: L1219L
END: L92L

Tue Nov 29 12:16:13 2011
START: L93L
Changing the collation of table L93L
END: L93L

Tue Nov 29 12:16:13 2011
START: L94L
END: L94L

Tue Nov 29 12:16:13 2011
START: L95L
Changing the collation of table L95L
END: L95L

Tue Nov 29 12:16:13 2011
START: L96L
END: L555L

Tue Nov 29 12:16:24 2011
START: L556L
END: L556L

Tue Nov 29 12:16:24 2011
START: L557L
END: L557L

Tue Nov 29 12:16:30 2011
START: L558L
END: L558L

Tue Nov 29 12:16:30 2011
START: L559L
END: L304L

Tue Nov 29 12:16:30 2011
START: L305L
END: L679L

Tue Nov 29 12:16:38 2011
START: L680L
END: L1163L

Tue Nov 29 12:16:58 2011
START: L1164L
END: L945L

Tue Nov 29 12:16:58 2011
START: L946L
END: L1274L

Tue Nov 29 12:17:10 2011
START: L1275L
END: L838L

Tue Nov 29 12:17:14 2011
START: L839L
END: L839L

Tue Nov 29 12:17:14 2011
START: L840L
END: L1219L

Tue Nov 29 12:17:33 2011
START: L1220L
END: L305L

Tue Nov 29 12:17:51 2011
START: L306L
END: L306L

Tue Nov 29 12:17:51 2011
START: L307L
END: L307L

Tue Nov 29 12:17:51 2011
START: L308L
END: L1164L

Tue Nov 29 12:18:29 2011
START: L1165L
END: L1275L

Tue Nov 29 12:18:32 2011
START: L1276L
END: L48L

Tue Nov 29 12:18:43 2011
START: L49L
END: L49L

Tue Nov 29 12:18:43 2011
START: L50L
END: L50L

Tue Nov 29 12:18:43 2011
START: L51L
END: L51L

Tue Nov 29 12:18:43 2011
START: L52L
END: L52L

Tue Nov 29 12:18:43 2011
START: L53L
END: L53L

Tue Nov 29 12:18:43 2011
START: L54L
END: L54L
END: L1220L

Tue Nov 29 12:18:55 2011
START: L1221L
END: L840L

Tue Nov 29 12:19:21 2011
START: L841L
END: L841L

Tue Nov 29 12:19:25 2011
START: L842L
END: L559L

Tue Nov 29 12:19:36 2011
START: L560L
END: L910L

Tue Nov 29 12:19:47 2011
START: L911L
END: L911L

Tue Nov 29 12:19:47 2011
START: L912L
END: L912L

Tue Nov 29 12:19:47 2011
START: L913L
END: L1276L

Tue Nov 29 12:19:48 2011
START: L1277L
END: L1165L

Tue Nov 29 12:19:50 2011
START: L1166L
END: L229L

Tue Nov 29 12:19:59 2011
START: L230L
END: L113L

Tue Nov 29 12:20:01 2011
START: L114L
END: L114L

Tue Nov 29 12:20:01 2011
START: L115L
END: L115L

Tue Nov 29 12:20:01 2011
START: L116L
END: L116L

Tue Nov 29 12:20:02 2011
START: L117L
END: L117L

Tue Nov 29 12:20:02 2011
START: L118L
END: L118L

Tue Nov 29 12:20:02 2011
START: L119L
END: L308L

Tue Nov 29 12:20:03 2011
START: L309L
END: L309L

Tue Nov 29 12:20:03 2011
START: L310L
END: L119L

Tue Nov 29 12:20:03 2011
START: L120L
END: L120L

Tue Nov 29 12:20:03 2011
START: L121L
END: L121L

Tue Nov 29 12:20:07 2011
START: L122L
END: L122L

Tue Nov 29 12:20:07 2011
START: L123L
END: L123L

Tue Nov 29 12:20:07 2011
START: L124L
END: L1221L

Tue Nov 29 12:20:07 2011
START: L1222L
END: L124L

Tue Nov 29 12:20:32 2011
START: L125L
END: L125L

Tue Nov 29 12:20:32 2011
START: L126L
END: L126L

Tue Nov 29 12:20:32 2011
START: L127L
END: L560L

Tue Nov 29 12:20:45 2011
START: L561L
END: L561L

Tue Nov 29 12:20:45 2011
START: L562L
END: L463L

Tue Nov 29 12:20:57 2011
START: L464L
END: L734L

Tue Nov 29 12:20:58 2011
START: L735L
END: L735L

Tue Nov 29 12:20:58 2011
START: L736L
END: L736L

Tue Nov 29 12:20:58 2011
START: L737L
END: L737L

Tue Nov 29 12:20:58 2011
START: L738L
END: L464L

Tue Nov 29 12:21:00 2011
START: L465L
END: L1277L

Tue Nov 29 12:21:03 2011
START: L1278L
END: L946L

Tue Nov 29 12:21:13 2011
START: L947L
END: L1166L

Tue Nov 29 12:21:14 2011
START: L1167L
END: L1222L

Tue Nov 29 12:21:24 2011
START: L1223L
END: L738L

Tue Nov 29 12:21:40 2011
START: L739L
Changing the collation of table L96L
END: L169L

Tue Nov 29 12:21:59 2011
START: L170L
END: L170L

Tue Nov 29 12:22:01 2011
START: L171L
END: L171L

Tue Nov 29 12:22:01 2011
START: L172L
END: L172L

Tue Nov 29 12:22:01 2011
START: L173L
END: L173L

Tue Nov 29 12:22:01 2011
START: L174L
END: L1278L

Tue Nov 29 12:22:17 2011
START: L1279L
END: L1167L

Tue Nov 29 12:22:36 2011
START: L1168L
END: L1223L

Tue Nov 29 12:22:39 2011
START: L1224L
END: L465L

Tue Nov 29 12:22:54 2011
START: L466L
END: L466L

Tue Nov 29 12:22:55 2011
START: L467L
END: L467L

Tue Nov 29 12:22:55 2011
START: L468L
END: L739L

Tue Nov 29 12:22:59 2011
START: L740L
END: L740L

Tue Nov 29 12:22:59 2011
START: L741L
END: L741L

Tue Nov 29 12:22:59 2011
START: L742L
END: L310L

Tue Nov 29 12:23:03 2011
START: L311L
END: L311L

Tue Nov 29 12:23:03 2011
START: L312L
END: L468L

Tue Nov 29 12:23:15 2011
START: L469L
END: L469L

Tue Nov 29 12:23:15 2011
START: L470L
END: L1279L

Tue Nov 29 12:23:31 2011
START: L1280L
END: L947L

Tue Nov 29 12:23:37 2011
START: L948L
END: L948L

Tue Nov 29 12:23:38 2011
START: L949L
END: L949L

Tue Nov 29 12:23:38 2011
START: L950L
END: L950L

Tue Nov 29 12:23:38 2011
START: L951L
END: L1224L

Tue Nov 29 12:23:51 2011
START: L1225L
END: L1168L

Tue Nov 29 12:23:58 2011
START: L1169L
END: L742L

Tue Nov 29 12:23:59 2011
START: L743L
END: L743L

Tue Nov 29 12:23:59 2011
START: L744L
END: L913L

Tue Nov 29 12:24:28 2011
START: L914L
END: L914L

Tue Nov 29 12:24:28 2011
START: L915L
END: L915L

Tue Nov 29 12:24:28 2011
START: L916L
END: L916L

Tue Nov 29 12:24:30 2011
START: L917L
END: L917L

Tue Nov 29 12:24:37 2011
START: L918L
END: L918L

Tue Nov 29 12:24:43 2011
START: L919L
END: L919L

Tue Nov 29 12:24:43 2011
START: L920L
END: L1280L

Tue Nov 29 12:24:46 2011
START: L1281L
END: L920L

Tue Nov 29 12:24:50 2011
START: L921L
END: L921L

Tue Nov 29 12:24:50 2011
START: L922L
END: L922L

Tue Nov 29 12:24:50 2011
START: L923L
END: L1225L

Tue Nov 29 12:25:00 2011
START: L1226L
END: L127L

Tue Nov 29 12:25:02 2011
START: L128L
END: L1169L

Tue Nov 29 12:25:20 2011
START: L1170L
END: L128L

Tue Nov 29 12:25:59 2011
START: L129L
END: L129L

Tue Nov 29 12:25:59 2011
START: L130L
END: L1281L

Tue Nov 29 12:26:01 2011
START: L1282L
END: L312L

Tue Nov 29 12:26:14 2011
START: L313L
END: L1226L

Tue Nov 29 12:26:16 2011
START: L1227L
END: L1170L

Tue Nov 29 12:26:43 2011
START: L1171L
END: L470L

Tue Nov 29 12:27:03 2011
START: L471L
END: L923L

Tue Nov 29 12:27:03 2011
START: L924L
END: L924L

Tue Nov 29 12:27:03 2011
START: L925L
END: L471L

Tue Nov 29 12:27:03 2011
START: L472L
END: L472L

Tue Nov 29 12:27:03 2011
START: L473L
END: L473L

Tue Nov 29 12:27:05 2011
START: L474L
END: L1282L

Tue Nov 29 12:27:18 2011
START: L1283L
END: L1227L

Tue Nov 29 12:27:29 2011
START: L1228L
END: L230L

Tue Nov 29 12:27:33 2011
START: L231L
END: L231L

Tue Nov 29 12:27:35 2011
START: L232L
END: L562L

Tue Nov 29 12:27:48 2011
START: L563L
END: L563L

Tue Nov 29 12:27:49 2011
START: L564L
END: L1171L

Tue Nov 29 12:28:07 2011
START: L1172L
END: L1283L

Tue Nov 29 12:28:34 2011
START: L1284L
END: L788L

Tue Nov 29 12:28:35 2011
START: L789L
END: L1228L

Tue Nov 29 12:28:42 2011
START: L1229L
END: L174L

Tue Nov 29 12:28:42 2011
START: L175L
END: L175L

Tue Nov 29 12:28:42 2011
START: L176L
END: L176L

Tue Nov 29 12:28:42 2011
START: L177L
END: L232L

Tue Nov 29 12:29:13 2011
START: L233L
END: L233L

Tue Nov 29 12:29:13 2011
START: L234L
END: L177L

Tue Nov 29 12:29:29 2011
START: L178L
END: L178L

Tue Nov 29 12:29:29 2011
START: L179L
END: L179L

Tue Nov 29 12:29:29 2011
START: L180L
END: L1172L

Tue Nov 29 12:29:31 2011
START: L1173L
END: L1229L

Tue Nov 29 12:29:48 2011
START: L1230L
END: L1284L

Tue Nov 29 12:29:50 2011
START: L1285L
END: L564L

Tue Nov 29 12:30:23 2011
START: L565L
END: L1173L

Tue Nov 29 12:30:53 2011
START: L1174L
END: L1230L

Tue Nov 29 12:30:58 2011
START: L1231L
END: L565L

Tue Nov 29 12:31:08 2011
START: L566L
END: L566L

Tue Nov 29 12:31:08 2011
START: L567L
END: L1285L

Tue Nov 29 12:31:08 2011
START: L1286L
END: L567L

Tue Nov 29 12:31:08 2011
START: L568L
END: L568L

Tue Nov 29 12:31:08 2011
START: L569L
END: L569L

Tue Nov 29 12:31:08 2011
START: L570L
END: L1231L

Tue Nov 29 12:32:05 2011
START: L1232L
END: L1174L

Tue Nov 29 12:32:16 2011
START: L1175L
END: L789L

Tue Nov 29 12:32:18 2011
START: L790L
END: L1106L

Tue Nov 29 12:32:18 2011
START: L1107L
END: L790L

Tue Nov 29 12:32:18 2011
START: L791L
END: L1107L

Tue Nov 29 12:32:18 2011
START: L1108L
END: L1108L

Tue Nov 29 12:32:18 2011
START: L1109L
END: L791L

Tue Nov 29 12:32:18 2011
START: L792L
END: L792L

Tue Nov 29 12:32:18 2011
START: L793L
END: L793L

Tue Nov 29 12:32:18 2011
START: L794L
END: L1286L

Tue Nov 29 12:32:24 2011
START: L1287L
END: L313L

Tue Nov 29 12:32:42 2011
START: L314L
END: L1232L

Tue Nov 29 12:33:06 2011
START: L1233L
END: L951L

Tue Nov 29 12:33:20 2011
START: L952L
END: L952L

Tue Nov 29 12:33:20 2011
START: L953L
END: L953L

Tue Nov 29 12:33:20 2011
START: L954L
END: L954L

Tue Nov 29 12:33:20 2011
START: L955L
END: L955L

Tue Nov 29 12:33:20 2011
START: L956L
END: L956L

Tue Nov 29 12:33:20 2011
START: L957L
END: L1175L

Tue Nov 29 12:33:39 2011
START: L1176L
END: L1287L

Tue Nov 29 12:33:42 2011
START: L1288L
END: L1233L

Tue Nov 29 12:34:03 2011
START: L1234L
END: L925L

Tue Nov 29 12:34:43 2011
START: L926L
END: L926L

Tue Nov 29 12:34:43 2011
START: L927L
END: L1234L

Tue Nov 29 12:34:55 2011
START: L1235L
END: L1288L

Tue Nov 29 12:34:59 2011
START: L1289L
END: L1176L

Tue Nov 29 12:35:02 2011
START: L1177L
END: L180L

Tue Nov 29 12:35:32 2011
START: L181L
END: L181L

Tue Nov 29 12:35:32 2011
START: L182L
END: L182L

Tue Nov 29 12:35:32 2011
START: L183L
END: L183L

Tue Nov 29 12:35:32 2011
START: L184L
END: L842L

Tue Nov 29 12:35:33 2011
START: L843L
END: L843L

Tue Nov 29 12:35:33 2011
START: L844L
END: L844L

Tue Nov 29 12:35:33 2011
START: L845L
END: L845L

Tue Nov 29 12:35:33 2011
START: L846L
END: L846L

Tue Nov 29 12:35:33 2011
START: L847L
END: L570L

Tue Nov 29 12:35:41 2011
START: L571L
END: L847L

Tue Nov 29 12:35:43 2011
START: L848L
END: L848L

Tue Nov 29 12:35:43 2011
START: L849L
END: L849L

Tue Nov 29 12:35:43 2011
START: L850L
END: L1235L

Tue Nov 29 12:35:47 2011
START: L1236L
END: L850L

Tue Nov 29 12:36:01 2011
START: L851L
END: L851L

Tue Nov 29 12:36:01 2011
START: L852L
END: L852L

Tue Nov 29 12:36:01 2011
START: L853L
END: L853L

Tue Nov 29 12:36:01 2011
START: L854L
END: L509L

Tue Nov 29 12:36:07 2011
START: L510L
END: L510L

Tue Nov 29 12:36:07 2011
START: L511L
END: L511L

Tue Nov 29 12:36:07 2011
START: L512L
END: L512L

Tue Nov 29 12:36:07 2011
START: L513L
END: L513L

Tue Nov 29 12:36:07 2011
START: L514L
END: L514L

Tue Nov 29 12:36:07 2011
START: L515L
END: L515L

Tue Nov 29 12:36:07 2011
START: L516L
END: L854L

Tue Nov 29 12:36:12 2011
START: L855L
END: L855L

Tue Nov 29 12:36:12 2011
START: L856L
END: L856L

Tue Nov 29 12:36:13 2011
START: L857L
END: L857L

Tue Nov 29 12:36:13 2011
START: L858L
END: L858L

Tue Nov 29 12:36:14 2011
START: L859L
END: L859L

Tue Nov 29 12:36:14 2011
START: L860L
END: L860L

Tue Nov 29 12:36:15 2011
START: L861L
END: L861L

Tue Nov 29 12:36:15 2011
START: L862L
END: L862L

Tue Nov 29 12:36:15 2011
START: L863L
END: L863L

Tue Nov 29 12:36:15 2011
START: L864L
END: L864L

Tue Nov 29 12:36:15 2011
START: L865L
END: L865L

Tue Nov 29 12:36:15 2011
START: L866L
END: L866L

Tue Nov 29 12:36:15 2011
START: L867L
END: L867L

Tue Nov 29 12:36:15 2011
START: L868L
END: L868L

Tue Nov 29 12:36:15 2011
START: L869L
END: L1289L

Tue Nov 29 12:36:15 2011
START: L1290L
END: L957L

Tue Nov 29 12:36:16 2011
START: L958L
END: L958L

Tue Nov 29 12:36:17 2011
START: L959L
END: L130L

Tue Nov 29 12:36:19 2011
START: L131L
END: L1236L

Tue Nov 29 12:36:23 2011
START: L1237L
END: L1177L

Tue Nov 29 12:36:26 2011
START: L1178L
END: L516L

Tue Nov 29 12:36:30 2011
START: L517L
END: L517L

Tue Nov 29 12:36:30 2011
START: L518L
END: L518L

Tue Nov 29 12:36:30 2011
START: L519L
END: L794L

Tue Nov 29 12:36:32 2011
START: L795L
END: L795L

Tue Nov 29 12:36:32 2011
START: L796L
END: L796L

Tue Nov 29 12:36:32 2011
START: L797L
END: L797L

Tue Nov 29 12:36:32 2011
START: L798L
END: L798L

Tue Nov 29 12:36:33 2011
START: L799L
END: L1237L

Tue Nov 29 12:36:50 2011
START: L1238L
END: L1238L

Tue Nov 29 12:37:08 2011
START: L1239L
END: L927L

Tue Nov 29 12:37:12 2011
START: L928L
END: L928L

Tue Nov 29 12:37:12 2011
START: L929L
END: L929L

Tue Nov 29 12:37:12 2011
START: L930L
END: L930L

Tue Nov 29 12:37:12 2011
START: L931L
END: L314L

Tue Nov 29 12:37:18 2011
START: L315L
END: L315L

Tue Nov 29 12:37:18 2011
START: L316L
END: L316L

Tue Nov 29 12:37:18 2011
START: L317L
END: L931L

Tue Nov 29 12:37:20 2011
START: L932L
END: L932L

Tue Nov 29 12:37:21 2011
START: L933L
END: L933L

Tue Nov 29 12:37:21 2011
START: L934L
END: L1290L

Tue Nov 29 12:37:31 2011
START: L1291L
END: L1178L

Tue Nov 29 12:37:48 2011
START: L1179L
END: L1239L

Tue Nov 29 12:38:25 2011
START: L1240L
END: L1291L

Tue Nov 29 12:38:46 2011
START: L1292L
END: L1179L

Tue Nov 29 12:39:10 2011
START: L1180L
END: L959L

Tue Nov 29 12:39:41 2011
START: L960L
END: L799L

Tue Nov 29 12:39:41 2011
START: L800L
END: L1240L

Tue Nov 29 12:39:44 2011
START: L1241L
END: L960L

Tue Nov 29 12:39:52 2011
START: L961L
END: L961L

Tue Nov 29 12:39:52 2011
START: L962L
END: L962L

Tue Nov 29 12:39:52 2011
START: L963L
END: L1292L

Tue Nov 29 12:40:02 2011
START: L1293L
END: L1180L

Tue Nov 29 12:40:33 2011
START: L1181L
END: L934L
END: L1241L

Tue Nov 29 12:41:02 2011
START: L1242L
END: L963L

Tue Nov 29 12:41:05 2011
START: L964L
END: L964L

Tue Nov 29 12:41:06 2011
START: L965L
END: L965L

Tue Nov 29 12:41:06 2011
START: L966L
END: L966L

Tue Nov 29 12:41:06 2011
START: L967L
END: L967L

Tue Nov 29 12:41:09 2011
START: L968L
END: L1293L

Tue Nov 29 12:41:14 2011
START: L1294L
END: L402L

Tue Nov 29 12:41:35 2011
START: L403L
END: L131L

Tue Nov 29 12:41:44 2011
START: L132L
END: L571L

Tue Nov 29 12:41:48 2011
START: L572L
END: L1181L

Tue Nov 29 12:41:49 2011
START: L1182L
END: L572L

Tue Nov 29 12:41:49 2011
START: L573L
END: L573L

Tue Nov 29 12:41:54 2011
START: L574L
END: L574L

Tue Nov 29 12:41:54 2011
START: L575L
END: L968L

Tue Nov 29 12:41:55 2011
START: L969L
END: L969L

Tue Nov 29 12:41:56 2011
START: L970L
END: L970L

Tue Nov 29 12:41:56 2011
START: L971L
END: L971L

Tue Nov 29 12:41:56 2011
START: L972L
END: L972L

Tue Nov 29 12:41:57 2011
START: L973L
END: L575L

Tue Nov 29 12:41:58 2011
START: L576L
END: L576L

Tue Nov 29 12:41:58 2011
START: L577L
END: L577L

Tue Nov 29 12:41:58 2011
START: L578L
END: L184L

Tue Nov 29 12:42:05 2011
START: L185L
END: L132L

Tue Nov 29 12:42:08 2011
START: L133L
END: L133L

Tue Nov 29 12:42:08 2011
START: L134L
END: L134L

Tue Nov 29 12:42:08 2011
START: L135L
END: L1242L

Tue Nov 29 12:42:12 2011
START: L1243L
END: L1294L

Tue Nov 29 12:42:23 2011
START: L1295L
END: L185L

Tue Nov 29 12:42:25 2011
START: L186L
END: L186L

Tue Nov 29 12:42:25 2011
START: L187L
END: L187L

Tue Nov 29 12:42:31 2011
START: L188L
END: L188L

Tue Nov 29 12:42:31 2011
START: L189L
END: L189L

Tue Nov 29 12:42:31 2011
START: L190L
END: L190L

Tue Nov 29 12:42:31 2011
START: L191L
END: L191L

Tue Nov 29 12:42:31 2011
START: L192L
END: L192L

Tue Nov 29 12:42:31 2011
START: L193L
END: L193L

Tue Nov 29 12:42:31 2011
START: L194L
END: L194L

Tue Nov 29 12:42:31 2011
START: L195L
END: L195L

Tue Nov 29 12:42:31 2011
START: L196L
END: L578L

Tue Nov 29 12:43:00 2011
START: L579L
END: L579L

Tue Nov 29 12:43:00 2011
START: L580L
END: L403L

Tue Nov 29 12:43:04 2011
START: L404L
END: L1182L

Tue Nov 29 12:43:05 2011
START: L1183L
END: L404L

Tue Nov 29 12:43:12 2011
START: L405L
END: L405L

Tue Nov 29 12:43:13 2011
START: L406L
END: L406L

Tue Nov 29 12:43:20 2011
START: L407L
END: L407L

Tue Nov 29 12:43:20 2011
START: L408L
END: L1243L

Tue Nov 29 12:43:25 2011
START: L1244L
END: L973L

Tue Nov 29 12:43:29 2011
START: L974L
END: L974L

Tue Nov 29 12:43:30 2011
START: L975L
END: L975L

Tue Nov 29 12:43:33 2011
START: L976L
END: L976L

Tue Nov 29 12:43:33 2011
START: L977L
END: L1295L

Tue Nov 29 12:43:34 2011
START: L1296L
END: L196L

Tue Nov 29 12:43:50 2011
START: L197L
END: L197L

Tue Nov 29 12:43:50 2011
START: L198L
END: L869L

Tue Nov 29 12:44:16 2011
START: L870L
END: L870L

Tue Nov 29 12:44:16 2011
START: L871L
END: L871L

Tue Nov 29 12:44:16 2011
START: L872L
END: L1183L

Tue Nov 29 12:44:22 2011
START: L1184L
END: L1244L

Tue Nov 29 12:44:39 2011
START: L1245L
END: L1296L

Tue Nov 29 12:44:46 2011
START: L1297L
END: L135L

Tue Nov 29 12:44:57 2011
START: L136L
END: L872L

Tue Nov 29 12:45:00 2011
START: L873L
END: L873L

Tue Nov 29 12:45:00 2011
START: L874L
END: L874L

Tue Nov 29 12:45:04 2011
START: L875L
END: L875L

Tue Nov 29 12:45:04 2011
START: L876L
END: L876L

Tue Nov 29 12:45:04 2011
START: L877L
END: L1184L

Tue Nov 29 12:45:39 2011
START: L1185L
END: L1245L

Tue Nov 29 12:45:53 2011
START: L1246L
END: L977L

Tue Nov 29 12:45:54 2011
START: L978L
END: L1297L

Tue Nov 29 12:45:59 2011
START: L1298L
END: L519L

Tue Nov 29 12:46:06 2011
START: L520L
END: L520L

Tue Nov 29 12:46:06 2011
START: L521L
END: L408L

Tue Nov 29 12:46:31 2011
START: L409L
END: L409L

Tue Nov 29 12:46:31 2011
START: L410L
END: L410L

Tue Nov 29 12:46:31 2011
START: L411L
END: L317L

Tue Nov 29 12:46:50 2011
START: L318L
END: L318L

Tue Nov 29 12:46:51 2011
START: L319L
END: L319L

Tue Nov 29 12:46:51 2011
START: L320L
END: L320L

Tue Nov 29 12:46:51 2011
START: L321L
END: L321L

Tue Nov 29 12:46:51 2011
START: L322L
END: L1185L

Tue Nov 29 12:46:55 2011
START: L1186L
END: L1246L

Tue Nov 29 12:47:05 2011
START: L1247L
END: L1298L

Tue Nov 29 12:47:10 2011
START: L1299L
END: L800L

Tue Nov 29 12:47:11 2011
START: L801L
END: L801L

Tue Nov 29 12:47:11 2011
START: L802L
END: L802L

Tue Nov 29 12:47:11 2011
START: L803L
END: L803L

Tue Nov 29 12:47:11 2011
START: L804L
END: L804L

Tue Nov 29 12:47:12 2011
START: L805L
END: L805L

Tue Nov 29 12:47:12 2011
START: L806L
END: L322L

Tue Nov 29 12:47:36 2011
START: L323L
END: L323L

Tue Nov 29 12:47:36 2011
START: L324L
END: L324L

Tue Nov 29 12:47:36 2011
START: L325L
END: L1186L

Tue Nov 29 12:48:06 2011
START: L1187L
END: L580L

Tue Nov 29 12:48:10 2011
START: L581L
END: L1247L

Tue Nov 29 12:48:13 2011
START: L1248L
END: L806L

Tue Nov 29 12:48:15 2011
START: L807L
END: L1299L

Tue Nov 29 12:48:16 2011
START: L1300L
END: L411L

Tue Nov 29 12:48:17 2011
START: L412L
END: L412L

Tue Nov 29 12:48:34 2011
START: L413L
END: L807L

Tue Nov 29 12:48:38 2011
START: L808L
END: L808L

Tue Nov 29 12:48:38 2011
START: L809L
END: L809L

Tue Nov 29 12:48:38 2011
START: L810L
END: L744L

Tue Nov 29 12:48:40 2011
START: L745L
END: L413L

Tue Nov 29 12:48:52 2011
START: L414L
END: L414L

Tue Nov 29 12:48:52 2011
START: L415L
END: L521L

Tue Nov 29 12:48:59 2011
START: L522L
END: L1187L

Tue Nov 29 12:49:22 2011
START: L1188L
END: L1248L

Tue Nov 29 12:49:28 2011
START: L1249L
END: L1300L

Tue Nov 29 12:49:30 2011
START: L1301L
END: L745L

Tue Nov 29 12:49:41 2011
START: L746L
END: L1188L

Tue Nov 29 12:50:34 2011
START: L1189L
END: L1249L

Tue Nov 29 12:50:36 2011
START: L1250L
END: L96L

Tue Nov 29 12:50:41 2011
START: L97L
END: L97L

Tue Nov 29 12:50:55 2011
START: L98L
Changing the collation of table L98L
END: L98L

Tue Nov 29 12:50:55 2011
START: L99L
END: L1109L

Tue Nov 29 12:51:43 2011
START: L1110L
END: L1250L

Tue Nov 29 12:51:44 2011
START: L1251L
END: L1189L

Tue Nov 29 12:51:46 2011
START: L1190L
END: L978L

Tue Nov 29 12:51:52 2011
START: L979L
END: L979L

Tue Nov 29 12:51:52 2011
START: L980L
END: L980L

Tue Nov 29 12:51:52 2011
START: L981L
END: L581L

Tue Nov 29 12:52:46 2011
START: L582L
END: L877L

Tue Nov 29 12:52:53 2011
START: L878L
END: L878L

Tue Nov 29 12:52:53 2011
START: L879L
END: L879L
END: L1251L

Tue Nov 29 12:52:57 2011
START: L1252L
END: L1190L

Tue Nov 29 12:53:02 2011
START: L1191L
Changing the collation of table L99L
END: L415L

Tue Nov 29 12:53:44 2011
START: L416L
END: L416L

Tue Nov 29 12:53:44 2011
START: L417L
END: L417L

Tue Nov 29 12:53:44 2011
START: L418L
END: L418L

Tue Nov 29 12:53:51 2011
START: L419L
END: L419L

Tue Nov 29 12:53:51 2011
START: L420L
END: L420L

Tue Nov 29 12:53:51 2011
START: L421L
END: L1252L

Tue Nov 29 12:54:00 2011
START: L1253L
END: L1320L
END: L1191L

Tue Nov 29 12:54:09 2011
START: L1192L
END: L340L

Tue Nov 29 12:54:14 2011
START: L341L
END: L582L

Tue Nov 29 12:54:50 2011
START: L583L
END: L1253L

Tue Nov 29 12:54:56 2011
START: L1254L
END: L1192L

Tue Nov 29 12:55:09 2011
START: L1193L
END: L1254L

Tue Nov 29 12:55:56 2011
START: L1255L
END: L1193L

Tue Nov 29 12:56:12 2011
START: L1194L
END: L1255L

Tue Nov 29 12:56:57 2011
START: L1256L
END: L1194L

Tue Nov 29 12:57:14 2011
START: L1195L
END: L522L

Tue Nov 29 12:57:19 2011
START: L523L
END: L523L

Tue Nov 29 12:57:19 2011
START: L524L
END: L1256L

Tue Nov 29 12:57:56 2011
START: L1257L
END: L1195L

Tue Nov 29 12:58:14 2011
START: L1196L
END: L524L

Tue Nov 29 12:58:17 2011
START: L525L
END: L525L

Tue Nov 29 12:58:19 2011
START: L526L
END: L1257L

Tue Nov 29 12:58:57 2011
START: L1258L
END: L810L

Tue Nov 29 12:59:13 2011
START: L811L
END: L811L

Tue Nov 29 12:59:13 2011
START: L812L
END: L812L

Tue Nov 29 12:59:14 2011
START: L813L
END: L1196L

Tue Nov 29 12:59:16 2011
START: L1197L
END: L421L

Tue Nov 29 12:59:38 2011
START: L422L
END: L422L

Tue Nov 29 12:59:38 2011
START: L423L
END: L1258L

Tue Nov 29 12:59:53 2011
START: L1259L
END: L1197L

Tue Nov 29 13:00:14 2011
START: L1198L
END: L981L

Tue Nov 29 13:00:31 2011
START: L982L
END: L423L

Tue Nov 29 13:00:40 2011
START: L424L
END: L1259L

Tue Nov 29 13:00:50 2011
START: L1260L
END: L424L

Tue Nov 29 13:00:53 2011
START: L425L
END: L746L

Tue Nov 29 13:00:53 2011
START: L747L
END: L425L

Tue Nov 29 13:00:59 2011
START: L426L
END: L990L

Tue Nov 29 13:01:00 2011
START: L991L
END: L991L

Tue Nov 29 13:01:09 2011
START: L992L
END: L992L

Tue Nov 29 13:01:09 2011
START: L993L
END: L993L

Tue Nov 29 13:01:09 2011
START: L994L
END: L994L

Tue Nov 29 13:01:09 2011
START: L995L
END: L1198L

Tue Nov 29 13:01:10 2011
START: L1199L
END: L995L

Tue Nov 29 13:01:16 2011
START: L996L
END: L996L

Tue Nov 29 13:01:16 2011
START: L997L
END: L997L

Tue Nov 29 13:01:18 2011
START: L998L
END: L998L

Tue Nov 29 13:01:18 2011
START: L999L
END: L999L

Tue Nov 29 13:01:18 2011
START: L1000L
END: L982L

Tue Nov 29 13:01:29 2011
START: L983L
END: L747L

Tue Nov 29 13:01:40 2011
START: L748L
END: L748L

Tue Nov 29 13:01:40 2011
START: L749L
END: L749L

Tue Nov 29 13:01:40 2011
START: L750L
END: L1260L

Tue Nov 29 13:01:45 2011
START: L1261L
END: L1199L

Tue Nov 29 13:02:06 2011
START: L1200L
END: L325L

Tue Nov 29 13:02:20 2011
START: L326L
END: L99L

Tue Nov 29 13:02:39 2011
START: L100L
END: L1261L

Tue Nov 29 13:02:41 2011
START: L1262L
END: L1200L

Tue Nov 29 13:03:05 2011
START: L1201L
END: L750L

Tue Nov 29 13:03:31 2011
START: L751L
END: L751L

Tue Nov 29 13:03:31 2011
START: L752L
END: L752L

Tue Nov 29 13:03:31 2011
START: L753L
END: L1262L

Tue Nov 29 13:03:40 2011
START: L1263L
END: L983L

Tue Nov 29 13:03:40 2011
START: L984L
END: L426L

Tue Nov 29 13:03:43 2011
START: L427L
END: L984L

Tue Nov 29 13:03:43 2011
START: L985L
END: L985L

Tue Nov 29 13:03:43 2011
START: L986L
END: L1201L

Tue Nov 29 13:04:04 2011
START: L1202L
END: L753L

Tue Nov 29 13:04:17 2011
START: L754L
END: L754L

Tue Nov 29 13:04:17 2011
START: L755L
END: L1263L

Tue Nov 29 13:04:40 2011
START: L1264L
END: L986L

Tue Nov 29 13:04:42 2011
START: L987L
END: L987L

Tue Nov 29 13:04:42 2011
START: L988L
END: L100L

Tue Nov 29 13:04:54 2011
START: L101L
END: L101L

Tue Nov 29 13:04:55 2011
START: L102L
END: L102L

Tue Nov 29 13:04:55 2011
START: L103L
Changing the collation of table L103L
END: L103L

Tue Nov 29 13:04:55 2011
START: L104L
END: L988L

Tue Nov 29 13:05:02 2011
START: L989L
END: L989L
END: L1202L

Tue Nov 29 13:05:04 2011
START: L1203L
Changing the collation of table L104L
END: L1264L
END: L1203L

Tue Nov 29 13:05:53 2011
START: L1204L
END: L583L

Tue Nov 29 13:05:53 2011
START: L584L
END: L584L

Tue Nov 29 13:05:54 2011
START: L585L
END: L1204L

Tue Nov 29 13:06:42 2011
START: L1205L
END: L526L

Tue Nov 29 13:07:09 2011
START: L527L
END: L527L

Tue Nov 29 13:07:09 2011
START: L528L
END: L813L

Tue Nov 29 13:07:10 2011
START: L814L
END: L814L

Tue Nov 29 13:07:10 2011
START: L815L
END: L815L

Tue Nov 29 13:07:10 2011
START: L816L
END: L585L

Tue Nov 29 13:07:11 2011
START: L586L
END: L528L

Tue Nov 29 13:07:12 2011
START: L529L
END: L529L

Tue Nov 29 13:07:12 2011
START: L530L
END: L427L

Tue Nov 29 13:07:15 2011
START: L428L
END: L428L

Tue Nov 29 13:07:15 2011
START: L429L
END: L1205L

Tue Nov 29 13:07:29 2011
START: L1206L
END: L530L

Tue Nov 29 13:07:42 2011
START: L531L
END: L531L

Tue Nov 29 13:07:44 2011
START: L532L
END: L816L

Tue Nov 29 13:07:50 2011
START: L817L
END: L817L

Tue Nov 29 13:07:50 2011
START: L818L
END: L104L

Tue Nov 29 13:08:00 2011
START: L105L
Changing the collation of table L105L
END: L105L

Tue Nov 29 13:08:01 2011
START: L106L
Changing the collation of table L106L
END: L106L

Tue Nov 29 13:08:01 2011
START: L107L
END: L107L

Tue Nov 29 13:08:01 2011
START: L108L
END: L1206L

Tue Nov 29 13:08:18 2011
START: L1207L
END: L108L

Tue Nov 29 13:08:35 2011
START: L109L
END: L586L

Tue Nov 29 13:09:06 2011
START: L587L
END: L1207L

Tue Nov 29 13:09:07 2011
START: L1208L
END: L755L

Tue Nov 29 13:09:34 2011
START: L756L
END: L756L

Tue Nov 29 13:09:34 2011
START: L757L
END: L757L

Tue Nov 29 13:09:35 2011
START: L758L
END: L758L

Tue Nov 29 13:09:35 2011
START: L759L
END: L759L

Tue Nov 29 13:09:35 2011
START: L760L
END: L760L

Tue Nov 29 13:09:35 2011
START: L761L
END: L761L

Tue Nov 29 13:09:35 2011
START: L762L
END: L762L

Tue Nov 29 13:09:36 2011
START: L763L
END: L763L

Tue Nov 29 13:09:36 2011
START: L764L
END: L764L

Tue Nov 29 13:09:36 2011
START: L765L
END: L765L

Tue Nov 29 13:09:36 2011
START: L766L
END: L766L

Tue Nov 29 13:09:36 2011
START: L767L
END: L1208L

Tue Nov 29 13:09:54 2011
START: L1209L
Changing the collation of table L109L
END: L1209L
END: L587L

Tue Nov 29 13:12:02 2011
START: L588L
END: L588L

Tue Nov 29 13:12:15 2011
START: L589L
END: L589L

Tue Nov 29 13:12:15 2011
START: L590L
END: L590L

Tue Nov 29 13:12:15 2011
START: L591L
END: L818L

Tue Nov 29 13:12:15 2011
START: L819L
END: L819L

Tue Nov 29 13:12:15 2011
START: L820L
END: L820L

Tue Nov 29 13:12:15 2011
START: L821L
END: L821L

Tue Nov 29 13:12:55 2011
START: L822L
END: L822L

Tue Nov 29 13:12:55 2011
START: L823L
END: L823L

Tue Nov 29 13:12:55 2011
START: L824L
END: L824L
END: L767L

Tue Nov 29 13:14:08 2011
START: L768L
END: L768L

Tue Nov 29 13:14:08 2011
START: L769L
END: L591L

Tue Nov 29 13:14:37 2011
START: L592L
END: L341L

Tue Nov 29 13:14:38 2011
START: L342L
END: L429L

Tue Nov 29 13:14:50 2011
START: L430L
END: L430L

Tue Nov 29 13:15:00 2011
START: L431L
END: L431L

Tue Nov 29 13:15:29 2011
START: L432L
END: L592L

Tue Nov 29 13:15:51 2011
START: L593L
END: L593L

Tue Nov 29 13:15:51 2011
START: L594L
END: L594L

Tue Nov 29 13:15:51 2011
START: L595L
END: L595L

Tue Nov 29 13:15:51 2011
START: L596L
END: L1000L

Tue Nov 29 13:15:52 2011
START: L1001L
END: L432L

Tue Nov 29 13:16:10 2011
START: L433L
END: L433L

Tue Nov 29 13:16:13 2011
START: L434L
END: L434L

Tue Nov 29 13:16:13 2011
START: L435L
END: L769L
END: L109L
END: L198L

Tue Nov 29 13:17:14 2011
START: L199L
END: L199L

Tue Nov 29 13:17:17 2011
START: L200L
END: L435L

Tue Nov 29 13:17:20 2011
START: L436L
END: L436L

Tue Nov 29 13:17:22 2011
START: L437L
END: L437L

Tue Nov 29 13:17:22 2011
START: L438L
END: L438L

Tue Nov 29 13:17:23 2011
START: L439L
END: L439L
END: L326L

Tue Nov 29 13:17:41 2011
START: L327L
END: L327L

Tue Nov 29 13:17:41 2011
START: L328L
END: L328L

Tue Nov 29 13:17:42 2011
START: L329L
END: L329L
END: L200L

Tue Nov 29 13:17:47 2011
START: L201L
END: L201L

Tue Nov 29 13:17:47 2011
START: L202L
END: L202L

Tue Nov 29 13:17:47 2011
START: L203L
END: L203L

Tue Nov 29 13:17:49 2011
START: L204L
END: L204L

Tue Nov 29 13:17:49 2011
START: L205L
END: L205L

Tue Nov 29 13:17:49 2011
START: L206L
END: L206L

Tue Nov 29 13:17:49 2011
START: L207L
END: L207L

Tue Nov 29 13:17:49 2011
START: L208L
END: L208L

Tue Nov 29 13:17:49 2011
START: L209L
END: L209L

Tue Nov 29 13:17:58 2011
START: L210L
END: L210L

Tue Nov 29 13:18:01 2011
START: L211L
END: L211L

Tue Nov 29 13:18:01 2011
START: L212L
END: L1001L

Tue Nov 29 13:18:20 2011
START: L1002L
END: L1002L

Tue Nov 29 13:18:20 2011
START: L1003L
END: L1003L

Tue Nov 29 13:18:20 2011
START: L1004L
END: L1004L

Tue Nov 29 13:18:20 2011
START: L1005L
END: L1005L

Tue Nov 29 13:18:20 2011
START: L1006L
END: L1006L

Tue Nov 29 13:18:20 2011
START: L1007L
END: L1007L

Tue Nov 29 13:18:20 2011
START: L1008L
END: L1008L

Tue Nov 29 13:18:21 2011
START: L1009L
END: L1009L

Tue Nov 29 13:18:21 2011
START: L1010L
END: L1010L

Tue Nov 29 13:18:21 2011
START: L1011L
END: L1011L

Tue Nov 29 13:18:26 2011
START: L1012L
END: L1012L

Tue Nov 29 13:18:26 2011
START: L1013L
END: L1013L

Tue Nov 29 13:18:26 2011
START: L1014L
END: L1014L

Tue Nov 29 13:18:28 2011
START: L1015L
END: L1015L

Tue Nov 29 13:18:30 2011
START: L1016L
END: L1016L

Tue Nov 29 13:18:40 2011
START: L1017L
END: L1017L

Tue Nov 29 13:18:49 2011
START: L1018L
END: L1018L

Tue Nov 29 13:18:50 2011
START: L1019L
END: L1019L

Tue Nov 29 13:18:54 2011
START: L1020L
END: L532L

Tue Nov 29 13:19:44 2011
START: L533L
END: L533L

Tue Nov 29 13:19:44 2011
START: L534L
END: L534L

Tue Nov 29 13:19:44 2011
START: L535L
END: L535L

Tue Nov 29 13:19:50 2011
START: L536L
END: L342L

Tue Nov 29 13:20:08 2011
START: L343L
END: L536L

Tue Nov 29 13:20:20 2011
START: L537L
END: L234L

Tue Nov 29 13:21:01 2011
START: L235L
END: L235L

Tue Nov 29 13:21:02 2011
START: L236L
END: L236L

Tue Nov 29 13:21:02 2011
START: L237L
END: L343L

Tue Nov 29 13:22:11 2011
START: L344L
END: L237L

Tue Nov 29 13:22:12 2011
START: L238L
END: L238L

Tue Nov 29 13:22:14 2011
START: L239L
END: L1020L

Tue Nov 29 13:23:43 2011
START: L1021L
END: L1021L

Tue Nov 29 13:23:44 2011
START: L1022L
END: L1022L

Tue Nov 29 13:23:44 2011
START: L1023L
END: L1023L

Tue Nov 29 13:23:44 2011
START: L1024L
END: L1024L

Tue Nov 29 13:23:44 2011
START: L1025L
END: L1025L

Tue Nov 29 13:23:44 2011
START: L1026L
END: L1026L

Tue Nov 29 13:23:44 2011
START: L1027L
END: L1027L

Tue Nov 29 13:23:44 2011
START: L1028L
END: L344L

Tue Nov 29 13:23:56 2011
START: L345L
END: L345L

Tue Nov 29 13:23:56 2011
START: L346L
END: L1028L

Tue Nov 29 13:24:00 2011
START: L1029L
END: L1029L

Tue Nov 29 13:24:00 2011
START: L1030L
END: L1030L

Tue Nov 29 13:24:02 2011
START: L1031L
END: L1031L

Tue Nov 29 13:24:02 2011
START: L1032L
END: L1032L

Tue Nov 29 13:24:02 2011
START: L1033L
END: L1033L

Tue Nov 29 13:24:02 2011
START: L1034L
END: L1034L

Tue Nov 29 13:24:02 2011
START: L1035L
END: L1035L

Tue Nov 29 13:24:02 2011
START: L1036L
END: L346L

Tue Nov 29 13:24:04 2011
START: L347L
END: L347L

Tue Nov 29 13:24:08 2011
START: L348L
END: L348L

Tue Nov 29 13:24:17 2011
START: L349L
END: L349L

Tue Nov 29 13:24:17 2011
START: L350L
END: L350L

Tue Nov 29 13:24:17 2011
START: L351L
END: L351L

Tue Nov 29 13:24:27 2011
START: L352L
END: L352L

Tue Nov 29 13:24:27 2011
START: L353L
END: L1036L

Tue Nov 29 13:25:44 2011
START: L1037L
END: L1037L

Tue Nov 29 13:25:45 2011
START: L1038L
END: L1038L

Tue Nov 29 13:25:46 2011
START: L1039L
END: L1039L

Tue Nov 29 13:25:46 2011
START: L1040L
END: L1040L

Tue Nov 29 13:25:46 2011
START: L1041L
END: L1041L

Tue Nov 29 13:25:53 2011
START: L1042L
END: L1042L

Tue Nov 29 13:25:53 2011
START: L1043L
END: L1043L

Tue Nov 29 13:25:56 2011
START: L1044L
END: L1044L
END: L1301L

Tue Nov 29 13:26:06 2011
START: L1302L
END: L136L

Tue Nov 29 13:27:26 2011
START: L137L
END: L137L

Tue Nov 29 13:28:21 2011
START: L138L
END: L138L

Tue Nov 29 13:30:56 2011
START: L139L
END: L139L

Tue Nov 29 13:30:58 2011
START: L140L
END: L140L

Tue Nov 29 13:30:58 2011
START: L141L
END: L353L

Tue Nov 29 13:34:00 2011
START: L354L
END: L354L

Tue Nov 29 13:34:01 2011
START: L355L
END: L141L

Tue Nov 29 13:35:52 2011
START: L142L
END: L142L

Tue Nov 29 13:35:53 2011
START: L143L
END: L143L

Tue Nov 29 13:35:53 2011
START: L144L
END: L144L

Tue Nov 29 13:35:53 2011
START: L145L
END: L145L

Tue Nov 29 13:35:57 2011
START: L146L
END: L680L

Tue Nov 29 13:36:18 2011
START: L681L
END: L681L

Tue Nov 29 13:36:18 2011
START: L682L
END: L682L

Tue Nov 29 13:36:18 2011
START: L683L
END: L212L

Tue Nov 29 13:36:20 2011
START: L213L
END: L213L

Tue Nov 29 13:36:20 2011
START: L214L
END: L683L

Tue Nov 29 13:36:21 2011
START: L684L
END: L684L

Tue Nov 29 13:36:21 2011
START: L685L
END: L685L

Tue Nov 29 13:36:22 2011
START: L686L
END: L686L

Tue Nov 29 13:36:22 2011
START: L687L
END: L239L

Tue Nov 29 13:37:17 2011
START: L240L
END: L240L

Tue Nov 29 13:37:50 2011
START: L241L
END: L355L

Tue Nov 29 13:38:02 2011
START: L356L
END: L356L

Tue Nov 29 13:38:02 2011
START: L357L
END: L357L

Tue Nov 29 13:38:02 2011
START: L358L
END: L358L

Tue Nov 29 13:38:26 2011
START: L359L
END: L241L

Tue Nov 29 13:38:32 2011
START: L242L
END: L242L

Tue Nov 29 13:38:32 2011
START: L243L
END: L359L

Tue Nov 29 13:38:46 2011
START: L360L
END: L360L

Tue Nov 29 13:38:47 2011
START: L361L
END: L361L

Tue Nov 29 13:40:34 2011
START: L362L
END: L362L

Tue Nov 29 13:40:34 2011
START: L363L
END: L363L

Tue Nov 29 13:40:37 2011
START: L364L
END: L364L

Tue Nov 29 13:40:38 2011
START: L365L
END: L365L

Tue Nov 29 13:40:42 2011
START: L366L
END: L366L

Tue Nov 29 13:40:42 2011
START: L367L
END: L367L

Tue Nov 29 13:40:52 2011
START: L368L
END: L368L

Tue Nov 29 13:41:35 2011
START: L369L
END: L369L

Tue Nov 29 13:41:43 2011
START: L370L
END: L370L

Tue Nov 29 13:41:43 2011
START: L371L
END: L687L

Tue Nov 29 13:43:06 2011
START: L688L
END: L688L

Tue Nov 29 13:43:06 2011
START: L689L
END: L689L

Tue Nov 29 13:43:19 2011
START: L690L
END: L690L

Tue Nov 29 13:43:19 2011
START: L691L
END: L371L

Tue Nov 29 13:43:28 2011
START: L372L
END: L691L

Tue Nov 29 13:43:46 2011
START: L692L
END: L692L

Tue Nov 29 13:43:46 2011
START: L693L
END: L146L

Tue Nov 29 13:43:49 2011
START: L147L
END: L147L

Tue Nov 29 13:43:49 2011
START: L148L
END: L693L

Tue Nov 29 13:43:53 2011
START: L694L
END: L694L

Tue Nov 29 13:43:54 2011
START: L695L
END: L695L

Tue Nov 29 13:43:54 2011
START: L696L
END: L696L

Tue Nov 29 13:43:55 2011
START: L697L
END: L697L

Tue Nov 29 13:43:55 2011
START: L698L
END: L698L

Tue Nov 29 13:43:56 2011
START: L699L
END: L699L

Tue Nov 29 13:44:00 2011
START: L700L
END: L700L

Tue Nov 29 13:44:29 2011
START: L701L
END: L701L

Tue Nov 29 13:47:29 2011
START: L702L
END: L702L

Tue Nov 29 13:47:29 2011
START: L703L
END: L703L

Tue Nov 29 13:47:29 2011
START: L704L
END: L704L

Tue Nov 29 13:47:29 2011
START: L705L
END: L705L

Tue Nov 29 13:47:29 2011
START: L706L
END: L706L

Tue Nov 29 13:47:29 2011
START: L707L
END: L707L

Tue Nov 29 13:47:29 2011
START: L708L
END: L708L

Tue Nov 29 13:47:29 2011
START: L709L
END: L709L

Tue Nov 29 13:47:29 2011
START: L710L
END: L710L

Tue Nov 29 13:47:29 2011
START: L711L
END: L711L

Tue Nov 29 13:47:29 2011
START: L712L
END: L712L

Tue Nov 29 13:47:29 2011
START: L713L
END: L713L

Tue Nov 29 13:47:29 2011
START: L714L
END: L714L
END: L537L

Tue Nov 29 13:48:32 2011
START: L538L
END: L538L

Tue Nov 29 13:48:32 2011
START: L539L
END: L539L

Tue Nov 29 13:48:32 2011
START: L540L
END: L540L

Tue Nov 29 13:48:32 2011
START: L541L
END: L541L

Tue Nov 29 13:48:32 2011
START: L542L
END: L148L

Tue Nov 29 13:50:54 2011
START: L149L
END: L149L

Tue Nov 29 13:50:54 2011
START: L150L
END: L150L

Tue Nov 29 13:50:54 2011
START: L151L
END: L151L

Tue Nov 29 13:50:54 2011
START: L152L
END: L152L

Tue Nov 29 13:50:54 2011
START: L153L
END: L153L

Tue Nov 29 13:50:55 2011
START: L154L
END: L154L

Tue Nov 29 13:50:55 2011
START: L155L
END: L155L

Tue Nov 29 13:51:13 2011
START: L156L
END: L156L

Tue Nov 29 13:51:14 2011
START: L157L
END: L157L

Tue Nov 29 13:52:24 2011
START: L158L
END: L158L

Tue Nov 29 13:52:24 2011
START: L159L
END: L159L

Tue Nov 29 13:52:24 2011
START: L160L
END: L160L

Tue Nov 29 13:52:24 2011
START: L161L
END: L542L

Tue Nov 29 13:52:59 2011
START: L543L
END: L543L

Tue Nov 29 13:53:16 2011
START: L544L
END: L161L

Tue Nov 29 13:53:29 2011
START: L162L
END: L608L

Tue Nov 29 13:53:47 2011
START: L609L
END: L544L

Tue Nov 29 13:55:34 2011
START: L545L
END: L545L

Tue Nov 29 13:55:36 2011
START: L546L
END: L546L

Tue Nov 29 13:55:37 2011
START: L547L
END: L547L

Tue Nov 29 13:55:37 2011
START: L548L
END: L548L

Tue Nov 29 13:55:37 2011
START: L549L
END: L549L
END: L162L

Tue Nov 29 13:55:53 2011
START: L163L
END: L163L

Tue Nov 29 13:55:53 2011
START: L164L
END: L164L
END: L372L

Tue Nov 29 13:59:16 2011
START: L373L
END: L373L

Tue Nov 29 14:00:08 2011
START: L374L
END: L374L

Tue Nov 29 14:00:08 2011
START: L375L
END: L375L

Tue Nov 29 14:00:28 2011
START: L376L
END: L376L

Tue Nov 29 14:00:28 2011
START: L377L
END: L377L

Tue Nov 29 14:00:37 2011
START: L378L
END: L378L

Tue Nov 29 14:00:37 2011
START: L379L
END: L379L

Tue Nov 29 14:00:43 2011
START: L380L
END: L380L

Tue Nov 29 14:00:43 2011
START: L381L
END: L381L

Tue Nov 29 14:00:44 2011
START: L382L
END: L382L

Tue Nov 29 14:00:44 2011
START: L383L
END: L383L

Tue Nov 29 14:00:44 2011
START: L384L
END: L384L
END: L214L

Tue Nov 29 14:05:49 2011
START: L215L
END: L215L

Tue Nov 29 14:05:50 2011
START: L216L
END: L216L

Tue Nov 29 14:05:50 2011
START: L217L
END: L217L

Tue Nov 29 14:05:50 2011
START: L218L
END: L218L

Tue Nov 29 14:05:50 2011
START: L219L
END: L219L
END: L609L

Tue Nov 29 14:05:57 2011
START: L610L
END: L610L

Tue Nov 29 14:05:57 2011
START: L611L
END: L611L

Tue Nov 29 14:05:57 2011
START: L612L
END: L612L

Tue Nov 29 14:07:36 2011
START: L613L
END: L613L

Tue Nov 29 14:07:46 2011
START: L614L
END: L614L

Tue Nov 29 14:08:17 2011
START: L615L
END: L615L

Tue Nov 29 14:09:08 2011
START: L616L
END: L616L

Tue Nov 29 14:09:08 2011
START: L617L
END: L617L

Tue Nov 29 14:09:08 2011
START: L618L
END: L618L

Tue Nov 29 14:11:24 2011
START: L619L
END: L619L

Tue Nov 29 14:11:42 2011
START: L620L
END: L620L

Tue Nov 29 14:11:46 2011
START: L621L
END: L621L

Tue Nov 29 14:11:46 2011
START: L622L
END: L622L

Tue Nov 29 14:12:23 2011
START: L623L
END: L623L

Tue Nov 29 14:12:23 2011
START: L624L
END: L624L

Tue Nov 29 14:12:23 2011
START: L625L
END: L474L

Tue Nov 29 14:12:50 2011
START: L475L
END: L475L

Tue Nov 29 14:12:50 2011
START: L476L
END: L476L

Tue Nov 29 14:12:50 2011
START: L477L
END: L477L

Tue Nov 29 14:12:50 2011
START: L478L
END: L625L

Tue Nov 29 14:12:55 2011
START: L626L
END: L626L

Tue Nov 29 14:13:03 2011
START: L627L
END: L478L

Tue Nov 29 14:13:11 2011
START: L479L
END: L479L

Tue Nov 29 14:13:11 2011
START: L480L
END: L480L

Tue Nov 29 14:13:11 2011
START: L481L
END: L481L

Tue Nov 29 14:13:11 2011
START: L482L
END: L482L

Tue Nov 29 14:13:11 2011
START: L483L
END: L483L

Tue Nov 29 14:13:11 2011
START: L484L
END: L484L

Tue Nov 29 14:13:11 2011
START: L485L
END: L485L

Tue Nov 29 14:13:28 2011
START: L486L
END: L486L

Tue Nov 29 14:13:28 2011
START: L487L
END: L487L

Tue Nov 29 14:15:12 2011
START: L488L
END: L488L

Tue Nov 29 14:15:12 2011
START: L489L
END: L596L

Tue Nov 29 14:16:13 2011
START: L597L
END: L489L

Tue Nov 29 14:16:16 2011
START: L490L
END: L597L

Tue Nov 29 14:16:28 2011
START: L598L
END: L598L

Tue Nov 29 14:16:28 2011
START: L599L
END: L599L

Tue Nov 29 14:16:28 2011
START: L600L
END: L627L

Tue Nov 29 14:17:09 2011
START: L628L
END: L628L

Tue Nov 29 14:17:09 2011
START: L629L
END: L629L

Tue Nov 29 14:17:26 2011
START: L630L
END: L630L

Tue Nov 29 14:17:26 2011
START: L631L
END: L243L

Tue Nov 29 14:19:18 2011
START: L244L
END: L244L

Tue Nov 29 14:19:18 2011
START: L245L
END: L245L

Tue Nov 29 14:19:18 2011
START: L246L
END: L246L

Tue Nov 29 14:19:18 2011
START: L247L
END: L247L

Tue Nov 29 14:21:14 2011
START: L248L
END: L248L

Tue Nov 29 14:21:14 2011
START: L249L
END: L249L

Tue Nov 29 14:21:14 2011
START: L250L
END: L250L

Tue Nov 29 14:21:14 2011
START: L251L
END: L251L

Tue Nov 29 14:21:14 2011
START: L252L
END: L252L

Tue Nov 29 14:21:14 2011
START: L253L
END: L490L

Tue Nov 29 14:22:39 2011
START: L491L
END: L491L

Tue Nov 29 14:22:39 2011
START: L492L
END: L492L

Tue Nov 29 14:22:39 2011
START: L493L
END: L493L

Tue Nov 29 14:23:00 2011
START: L494L
END: L631L

Tue Nov 29 14:23:48 2011
START: L632L
END: L632L

Tue Nov 29 14:23:49 2011
START: L633L
END: L633L

Tue Nov 29 14:23:49 2011
START: L634L
END: L634L

Tue Nov 29 14:24:15 2011
START: L635L
END: L635L

Tue Nov 29 14:24:15 2011
START: L636L
END: L636L

Tue Nov 29 14:24:15 2011
START: L637L
END: L637L

Tue Nov 29 14:24:15 2011
START: L638L
END: L638L

Tue Nov 29 14:24:15 2011
START: L639L
END: L639L

Tue Nov 29 14:24:15 2011
START: L640L
END: L640L

Tue Nov 29 14:24:16 2011
START: L641L
END: L494L
END: L253L

Tue Nov 29 14:26:16 2011
START: L254L
END: L254L

Tue Nov 29 14:26:16 2011
START: L255L
END: L255L

Tue Nov 29 14:26:23 2011
START: L256L
END: L256L

Tue Nov 29 14:26:30 2011
START: L257L
END: L257L

Tue Nov 29 14:26:30 2011
START: L258L
END: L258L

Tue Nov 29 14:26:30 2011
START: L259L
END: L259L

Tue Nov 29 14:26:57 2011
START: L260L
END: L641L

Tue Nov 29 14:27:50 2011
START: L642L
END: L642L

Tue Nov 29 14:27:50 2011
START: L643L
END: L643L

Tue Nov 29 14:27:50 2011
START: L644L
END: L600L

Tue Nov 29 14:30:37 2011
START: L601L
END: L601L

Tue Nov 29 14:30:37 2011
START: L602L
END: L602L

Tue Nov 29 14:30:37 2011
START: L603L
END: L603L

Tue Nov 29 14:31:26 2011
START: L604L
END: L604L
END: L260L

Tue Nov 29 14:31:58 2011
START: L261L
END: L261L

Tue Nov 29 14:32:01 2011
START: L262L
END: L262L

Tue Nov 29 14:32:02 2011
START: L263L
END: L263L

Tue Nov 29 14:32:02 2011
START: L264L
END: L264L

Tue Nov 29 14:32:32 2011
START: L265L
END: L265L

Tue Nov 29 14:32:40 2011
START: L266L
END: L266L

Tue Nov 29 14:32:40 2011
START: L267L
END: L267L

Tue Nov 29 14:32:40 2011
START: L268L
END: L268L

Tue Nov 29 14:32:40 2011
START: L269L
END: L269L

Tue Nov 29 14:32:40 2011
START: L270L
END: L270L

Tue Nov 29 14:32:53 2011
START: L271L
END: L271L

Tue Nov 29 14:32:53 2011
START: L272L
END: L272L

Tue Nov 29 14:32:53 2011
START: L273L
END: L273L

Tue Nov 29 14:32:53 2011
START: L274L
END: L274L
END: L644L

Tue Nov 29 14:34:09 2011
START: L645L
END: L645L

Tue Nov 29 14:34:09 2011
START: L646L
END: L646L

Tue Nov 29 14:34:09 2011
START: L647L
END: L647L

Tue Nov 29 14:34:11 2011
START: L648L
END: L648L

Tue Nov 29 14:34:11 2011
START: L649L
END: L649L

Tue Nov 29 14:34:11 2011
START: L650L
END: L650L

Tue Nov 29 14:34:11 2011
START: L651L
END: L651L

Tue Nov 29 14:34:11 2011
START: L652L
END: L652L

Tue Nov 29 14:34:11 2011
START: L653L
END: L653L

Tue Nov 29 14:34:11 2011
START: L654L
END: L654L

Tue Nov 29 14:34:12 2011
START: L655L
END: L655L

Tue Nov 29 14:34:12 2011
START: L656L
END: L656L

Tue Nov 29 14:34:12 2011
START: L657L
END: L657L

Tue Nov 29 14:34:12 2011
START: L658L
END: L658L

Tue Nov 29 14:34:45 2011
START: L659L
END: L659L
END: L1302L

Tue Nov 29 15:16:00 2011
START: L1303L
END: L1303L

Tue Nov 29 15:59:46 2011
START: L1304L
END: L1304L

Tue Nov 29 16:09:54 2011
START: L1305L
END: L1305L

Tue Nov 29 16:10:15 2011
START: L1306L
END: L1306L

Tue Nov 29 16:10:47 2011
START: L1307L
END: L1307L

Tue Nov 29 16:18:42 2011
START: L1308L
END: L1308L

Tue Nov 29 16:19:38 2011
START: L1309L
END: L1309L

Tue Nov 29 17:12:35 2011
START: L1310L
END: L1310L

Tue Nov 29 17:12:41 2011
START: L1311L
END: L1311L

Tue Nov 29 17:26:55 2011
START: L1312L
END: L1312L

Tue Nov 29 17:33:57 2011
START: L1313L
END: L1313L

Tue Nov 29 17:45:47 2011
START: L1314L
END: L1314L

Tue Nov 29 17:48:09 2011
START: L1315L
END: L1315L

Tue Nov 29 17:53:02 2011
START: L1316L
END: L1316L

Tue Nov 29 17:56:26 2011
START: L1317L
